<?xml version="1.0" encoding="UTF-8" ?>
<testsuite failures="0" time="1.255" errors="0" skipped="0" tests="7" name="pers.ash.shiro.mapper.PermissionMapperTest">
  <properties>
[...]
</properties>
  <testcase time="0.444" classname="pers.ash.shiro.mapper.PermissionMapperTest" name="testAdd"/>
  <testcase time="0.221" classname="pers.ash.shiro.mapper.PermissionMapperTest" name="testFindAllPermissions"/>
  <testcase time="0.211" classname="pers.ash.shiro.mapper.PermissionMapperTest" name="testFindPage"/>
  <testcase time="0.089" classname="pers.ash.shiro.mapper.PermissionMapperTest" name="testDelete"/>
  <testcase time="0.078" classname="pers.ash.shiro.mapper.PermissionMapperTest" name="testUpdate"/>
  <testcase time="0.102" classname="pers.ash.shiro.mapper.PermissionMapperTest" name="testFindPermissionById"/>
  <testcase time="0.102" classname="pers.ash.shiro.mapper.PermissionMapperTest" name="testFindPageInfo"/>
</testsuite>